<?xml version="1.0" encoding="UTF-8"?>
<!-- Generated by org.testng.reporters.JUnitReportReporter -->
<testsuite hostname="DESKTOP-DEN76N0" failures="0" tests="2" name="encora.tests.RestAssuredBDD" time="2.864" errors="0" timestamp="2021-03-02T00:16:04 IST" skipped="0">
  <testcase classname="encora.tests.RestAssuredBDD" name="firstTest" time="2.298"/>
  <system-out/>
  <testcase classname="encora.tests.RestAssuredBDD" name="tempTest" time="0.566"/>
  <system-out/>
</testsuite> <!-- encora.tests.RestAssuredBDD -->
